d:\programming\algorithms\cplusplus\pairs\x64\debug\vc143.pdb
d:\programming\algorithms\cplusplus\pairs\x64\debug\vc143.idb
d:\programming\algorithms\cplusplus\pairs\x64\debug\pairs.obj
d:\programming\algorithms\cplusplus\x64\debug\pairs.exe
d:\programming\algorithms\cplusplus\x64\debug\pairs.pdb
d:\programming\algorithms\cplusplus\pairs\x64\debug\pairs.ilk
d:\programming\algorithms\cplusplus\pairs\x64\debug\pairs.tlog\cl.command.1.tlog
d:\programming\algorithms\cplusplus\pairs\x64\debug\pairs.tlog\cl.items.tlog
d:\programming\algorithms\cplusplus\pairs\x64\debug\pairs.tlog\cl.read.1.tlog
d:\programming\algorithms\cplusplus\pairs\x64\debug\pairs.tlog\cl.write.1.tlog
d:\programming\algorithms\cplusplus\pairs\x64\debug\pairs.tlog\link.11760-cvtres.read.1.tlog
d:\programming\algorithms\cplusplus\pairs\x64\debug\pairs.tlog\link.11760-cvtres.write.1.tlog
d:\programming\algorithms\cplusplus\pairs\x64\debug\pairs.tlog\link.11760-rc.read.1.tlog
d:\programming\algorithms\cplusplus\pairs\x64\debug\pairs.tlog\link.11760-rc.write.1.tlog
d:\programming\algorithms\cplusplus\pairs\x64\debug\pairs.tlog\link.11760.read.1.tlog
d:\programming\algorithms\cplusplus\pairs\x64\debug\pairs.tlog\link.11760.read.2.tlog
d:\programming\algorithms\cplusplus\pairs\x64\debug\pairs.tlog\link.11760.write.1.tlog
d:\programming\algorithms\cplusplus\pairs\x64\debug\pairs.tlog\link.command.1.tlog
d:\programming\algorithms\cplusplus\pairs\x64\debug\pairs.tlog\link.read.1.tlog
d:\programming\algorithms\cplusplus\pairs\x64\debug\pairs.tlog\link.secondary.1.tlog
d:\programming\algorithms\cplusplus\pairs\x64\debug\pairs.tlog\link.write.1.tlog
